2021-11-11 18:42:09,460 INFO o.h.v.i.u.Version [background-preinit] HV000001: Hibernate Validator 6.2.0.Final
2021-11-11 18:42:09,529 INFO o.s.b.StartupInfoLogger [main] Starting EbankApplication using Java 11.0.13 on LTI-TRAINING-02 with PID 14540 (F:\E-Bank\target\classes started by fawad khan in F:\E-Bank)
2021-11-11 18:42:09,545 INFO o.s.b.SpringApplication [main] No active profile set, falling back to default profiles: default
2021-11-11 18:42:11,334 INFO o.s.d.r.c.RepositoryConfigurationDelegate [main] Bootstrapping Spring Data JPA repositories in DEFAULT mode.
2021-11-11 18:42:11,484 INFO o.s.d.r.c.RepositoryConfigurationDelegate [main] Finished Spring Data repository scanning in 134 ms. Found 11 JPA repository interfaces.
2021-11-11 18:42:11,835 INFO o.s.c.c.s.GenericScope [main] BeanFactory id=61183a38-0d6d-34f8-8f10-2431c46a9702
2021-11-11 18:42:12,361 INFO o.s.b.w.e.t.TomcatWebServer [main] Tomcat initialized with port(s): 8080 (http)
2021-11-11 18:42:12,375 INFO o.a.j.l.DirectJDKLog [main] Initializing ProtocolHandler ["http-nio-8080"]
2021-11-11 18:42:12,376 INFO o.a.j.l.DirectJDKLog [main] Starting service [Tomcat]
2021-11-11 18:42:12,377 INFO o.a.j.l.DirectJDKLog [main] Starting Servlet engine: [Apache Tomcat/9.0.53]
2021-11-11 18:42:12,684 INFO o.a.j.l.DirectJDKLog [main] Initializing Spring embedded WebApplicationContext
2021-11-11 18:42:12,684 INFO o.s.b.w.s.c.ServletWebServerApplicationContext [main] Root WebApplicationContext: initialization completed in 3054 ms
2021-11-11 18:42:12,879 INFO o.h.j.i.u.LogHelper [main] HHH000204: Processing PersistenceUnitInfo [name: default]
2021-11-11 18:42:12,938 INFO o.h.Version [main] HHH000412: Hibernate ORM core version 5.4.32.Final
2021-11-11 18:42:13,076 INFO o.h.a.c.r.j.JavaReflectionManager [main] HCANN000001: Hibernate Commons Annotations {5.1.2.Final}
2021-11-11 18:42:13,107 DEBUG o.h.t.BasicTypeRegistry [main] Adding type registration boolean -> org.hibernate.type.BooleanType@3c87e851
2021-11-11 18:42:13,107 DEBUG o.h.t.BasicTypeRegistry [main] Adding type registration boolean -> org.hibernate.type.BooleanType@3c87e851
2021-11-11 18:42:13,107 DEBUG o.h.t.BasicTypeRegistry [main] Adding type registration java.lang.Boolean -> org.hibernate.type.BooleanType@3c87e851
2021-11-11 18:42:13,107 DEBUG o.h.t.BasicTypeRegistry [main] Adding type registration numeric_boolean -> org.hibernate.type.NumericBooleanType@3bc891f2
2021-11-11 18:42:13,107 DEBUG o.h.t.BasicTypeRegistry [main] Adding type registration true_false -> org.hibernate.type.TrueFalseType@3534651a
2021-11-11 18:42:13,107 DEBUG o.h.t.BasicTypeRegistry [main] Adding type registration yes_no -> org.hibernate.type.YesNoType@3f122cdc
2021-11-11 18:42:13,107 DEBUG o.h.t.BasicTypeRegistry [main] Adding type registration byte -> org.hibernate.type.ByteType@73ddb7ef
2021-11-11 18:42:13,107 DEBUG o.h.t.BasicTypeRegistry [main] Adding type registration byte -> org.hibernate.type.ByteType@73ddb7ef
2021-11-11 18:42:13,107 DEBUG o.h.t.BasicTypeRegistry [main] Adding type registration java.lang.Byte -> org.hibernate.type.ByteType@73ddb7ef
2021-11-11 18:42:13,107 DEBUG o.h.t.BasicTypeRegistry [main] Adding type registration character -> org.hibernate.type.CharacterType@45311a99
2021-11-11 18:42:13,107 DEBUG o.h.t.BasicTypeRegistry [main] Adding type registration char -> org.hibernate.type.CharacterType@45311a99
2021-11-11 18:42:13,107 DEBUG o.h.t.BasicTypeRegistry [main] Adding type registration java.lang.Character -> org.hibernate.type.CharacterType@45311a99
2021-11-11 18:42:13,107 DEBUG o.h.t.BasicTypeRegistry [main] Adding type registration short -> org.hibernate.type.ShortType@77d95e5a
2021-11-11 18:42:13,107 DEBUG o.h.t.BasicTypeRegistry [main] Adding type registration short -> org.hibernate.type.ShortType@77d95e5a
2021-11-11 18:42:13,107 DEBUG o.h.t.BasicTypeRegistry [main] Adding type registration java.lang.Short -> org.hibernate.type.ShortType@77d95e5a
2021-11-11 18:42:13,107 DEBUG o.h.t.BasicTypeRegistry [main] Adding type registration integer -> org.hibernate.type.IntegerType@64eeddd8
2021-11-11 18:42:13,107 DEBUG o.h.t.BasicTypeRegistry [main] Adding type registration int -> org.hibernate.type.IntegerType@64eeddd8
2021-11-11 18:42:13,107 DEBUG o.h.t.BasicTypeRegistry [main] Adding type registration java.lang.Integer -> org.hibernate.type.IntegerType@64eeddd8
2021-11-11 18:42:13,107 DEBUG o.h.t.BasicTypeRegistry [main] Adding type registration long -> org.hibernate.type.LongType@151659dd
2021-11-11 18:42:13,107 DEBUG o.h.t.BasicTypeRegistry [main] Adding type registration long -> org.hibernate.type.LongType@151659dd
2021-11-11 18:42:13,107 DEBUG o.h.t.BasicTypeRegistry [main] Adding type registration java.lang.Long -> org.hibernate.type.LongType@151659dd
2021-11-11 18:42:13,123 DEBUG o.h.t.BasicTypeRegistry [main] Adding type registration float -> org.hibernate.type.FloatType@6644bdf5
2021-11-11 18:42:13,123 DEBUG o.h.t.BasicTypeRegistry [main] Adding type registration float -> org.hibernate.type.FloatType@6644bdf5
2021-11-11 18:42:13,123 DEBUG o.h.t.BasicTypeRegistry [main] Adding type registration java.lang.Float -> org.hibernate.type.FloatType@6644bdf5
2021-11-11 18:42:13,123 DEBUG o.h.t.BasicTypeRegistry [main] Adding type registration double -> org.hibernate.type.DoubleType@3ea2f72e
2021-11-11 18:42:13,123 DEBUG o.h.t.BasicTypeRegistry [main] Adding type registration double -> org.hibernate.type.DoubleType@3ea2f72e
2021-11-11 18:42:13,123 DEBUG o.h.t.BasicTypeRegistry [main] Adding type registration java.lang.Double -> org.hibernate.type.DoubleType@3ea2f72e
2021-11-11 18:42:13,123 DEBUG o.h.t.BasicTypeRegistry [main] Adding type registration big_decimal -> org.hibernate.type.BigDecimalType@664f49f
2021-11-11 18:42:13,123 DEBUG o.h.t.BasicTypeRegistry [main] Adding type registration java.math.BigDecimal -> org.hibernate.type.BigDecimalType@664f49f
2021-11-11 18:42:13,123 DEBUG o.h.t.BasicTypeRegistry [main] Adding type registration big_integer -> org.hibernate.type.BigIntegerType@47e60b71
2021-11-11 18:42:13,123 DEBUG o.h.t.BasicTypeRegistry [main] Adding type registration java.math.BigInteger -> org.hibernate.type.BigIntegerType@47e60b71
2021-11-11 18:42:13,123 DEBUG o.h.t.BasicTypeRegistry [main] Adding type registration string -> org.hibernate.type.StringType@27a90ce5
2021-11-11 18:42:13,123 DEBUG o.h.t.BasicTypeRegistry [main] Adding type registration java.lang.String -> org.hibernate.type.StringType@27a90ce5
2021-11-11 18:42:13,123 DEBUG o.h.t.BasicTypeRegistry [main] Adding type registration nstring -> org.hibernate.type.StringNVarcharType@43b4ec0c
2021-11-11 18:42:13,123 DEBUG o.h.t.BasicTypeRegistry [main] Adding type registration ncharacter -> org.hibernate.type.CharacterNCharType@3e5ebdfe
2021-11-11 18:42:13,123 DEBUG o.h.t.BasicTypeRegistry [main] Adding type registration url -> org.hibernate.type.UrlType@1a06602f
2021-11-11 18:42:13,123 DEBUG o.h.t.BasicTypeRegistry [main] Adding type registration java.net.URL -> org.hibernate.type.UrlType@1a06602f
2021-11-11 18:42:13,123 DEBUG o.h.t.BasicTypeRegistry [main] Adding type registration Duration -> org.hibernate.type.DurationType@1926f962
2021-11-11 18:42:13,123 DEBUG o.h.t.BasicTypeRegistry [main] Adding type registration java.time.Duration -> org.hibernate.type.DurationType@1926f962
2021-11-11 18:42:13,123 DEBUG o.h.t.BasicTypeRegistry [main] Adding type registration Instant -> org.hibernate.type.InstantType@5fe3b058
2021-11-11 18:42:13,123 DEBUG o.h.t.BasicTypeRegistry [main] Adding type registration java.time.Instant -> org.hibernate.type.InstantType@5fe3b058
2021-11-11 18:42:13,138 DEBUG o.h.t.BasicTypeRegistry [main] Adding type registration LocalDateTime -> org.hibernate.type.LocalDateTimeType@197d5a87
2021-11-11 18:42:13,138 DEBUG o.h.t.BasicTypeRegistry [main] Adding type registration java.time.LocalDateTime -> org.hibernate.type.LocalDateTimeType@197d5a87
2021-11-11 18:42:13,138 DEBUG o.h.t.BasicTypeRegistry [main] Adding type registration LocalDate -> org.hibernate.type.LocalDateType@38cf4497
2021-11-11 18:42:13,138 DEBUG o.h.t.BasicTypeRegistry [main] Adding type registration java.time.LocalDate -> org.hibernate.type.LocalDateType@38cf4497
2021-11-11 18:42:13,138 DEBUG o.h.t.BasicTypeRegistry [main] Adding type registration LocalTime -> org.hibernate.type.LocalTimeType@15a484a9
2021-11-11 18:42:13,138 DEBUG o.h.t.BasicTypeRegistry [main] Adding type registration java.time.LocalTime -> org.hibernate.type.LocalTimeType@15a484a9
2021-11-11 18:42:13,138 DEBUG o.h.t.BasicTypeRegistry [main] Adding type registration OffsetDateTime -> org.hibernate.type.OffsetDateTimeType@6acb45c1
2021-11-11 18:42:13,138 DEBUG o.h.t.BasicTypeRegistry [main] Adding type registration java.time.OffsetDateTime -> org.hibernate.type.OffsetDateTimeType@6acb45c1
2021-11-11 18:42:13,138 DEBUG o.h.t.BasicTypeRegistry [main] Adding type registration OffsetTime -> org.hibernate.type.OffsetTimeType@2c0fefac
2021-11-11 18:42:13,138 DEBUG o.h.t.BasicTypeRegistry [main] Adding type registration java.time.OffsetTime -> org.hibernate.type.OffsetTimeType@2c0fefac
2021-11-11 18:42:13,138 DEBUG o.h.t.BasicTypeRegistry [main] Adding type registration ZonedDateTime -> org.hibernate.type.ZonedDateTimeType@57a982f9
2021-11-11 18:42:13,138 DEBUG o.h.t.BasicTypeRegistry [main] Adding type registration java.time.ZonedDateTime -> org.hibernate.type.ZonedDateTimeType@57a982f9
2021-11-11 18:42:13,138 DEBUG o.h.t.BasicTypeRegistry [main] Adding type registration date -> org.hibernate.type.DateType@45b27ad3
2021-11-11 18:42:13,138 DEBUG o.h.t.BasicTypeRegistry [main] Adding type registration java.sql.Date -> org.hibernate.type.DateType@45b27ad3
2021-11-11 18:42:13,138 DEBUG o.h.t.BasicTypeRegistry [main] Adding type registration time -> org.hibernate.type.TimeType@42cfd794
2021-11-11 18:42:13,138 DEBUG o.h.t.BasicTypeRegistry [main] Adding type registration java.sql.Time -> org.hibernate.type.TimeType@42cfd794
2021-11-11 18:42:13,138 DEBUG o.h.t.BasicTypeRegistry [main] Adding type registration timestamp -> org.hibernate.type.TimestampType@290807e5
2021-11-11 18:42:13,154 DEBUG o.h.t.BasicTypeRegistry [main] Adding type registration java.sql.Timestamp -> org.hibernate.type.TimestampType@290807e5
2021-11-11 18:42:13,154 DEBUG o.h.t.BasicTypeRegistry [main] Adding type registration java.util.Date -> org.hibernate.type.TimestampType@290807e5
2021-11-11 18:42:13,154 DEBUG o.h.t.BasicTypeRegistry [main] Adding type registration dbtimestamp -> org.hibernate.type.DbTimestampType@2a2798a2
2021-11-11 18:42:13,154 DEBUG o.h.t.BasicTypeRegistry [main] Adding type registration calendar -> org.hibernate.type.CalendarType@340fc1aa
2021-11-11 18:42:13,154 DEBUG o.h.t.BasicTypeRegistry [main] Adding type registration java.util.Calendar -> org.hibernate.type.CalendarType@340fc1aa
2021-11-11 18:42:13,154 DEBUG o.h.t.BasicTypeRegistry [main] Adding type registration java.util.GregorianCalendar -> org.hibernate.type.CalendarType@340fc1aa
2021-11-11 18:42:13,154 DEBUG o.h.t.BasicTypeRegistry [main] Adding type registration calendar_date -> org.hibernate.type.CalendarDateType@275902e1
2021-11-11 18:42:13,154 DEBUG o.h.t.BasicTypeRegistry [main] Adding type registration calendar_time -> org.hibernate.type.CalendarTimeType@323efafe
2021-11-11 18:42:13,154 DEBUG o.h.t.BasicTypeRegistry [main] Adding type registration locale -> org.hibernate.type.LocaleType@46de118b
2021-11-11 18:42:13,154 DEBUG o.h.t.BasicTypeRegistry [main] Adding type registration java.util.Locale -> org.hibernate.type.LocaleType@46de118b
2021-11-11 18:42:13,154 DEBUG o.h.t.BasicTypeRegistry [main] Adding type registration currency -> org.hibernate.type.CurrencyType@3bf01a01
2021-11-11 18:42:13,154 DEBUG o.h.t.BasicTypeRegistry [main] Adding type registration java.util.Currency -> org.hibernate.type.CurrencyType@3bf01a01
2021-11-11 18:42:13,154 DEBUG o.h.t.BasicTypeRegistry [main] Adding type registration timezone -> org.hibernate.type.TimeZoneType@4ffa078d
2021-11-11 18:42:13,154 DEBUG o.h.t.BasicTypeRegistry [main] Adding type registration java.util.TimeZone -> org.hibernate.type.TimeZoneType@4ffa078d
2021-11-11 18:42:13,154 DEBUG o.h.t.BasicTypeRegistry [main] Adding type registration class -> org.hibernate.type.ClassType@e3c36d
2021-11-11 18:42:13,170 DEBUG o.h.t.BasicTypeRegistry [main] Adding type registration java.lang.Class -> org.hibernate.type.ClassType@e3c36d
2021-11-11 18:42:13,170 DEBUG o.h.t.BasicTypeRegistry [main] Adding type registration uuid-binary -> org.hibernate.type.UUIDBinaryType@621392ea
2021-11-11 18:42:13,170 DEBUG o.h.t.BasicTypeRegistry [main] Adding type registration java.util.UUID -> org.hibernate.type.UUIDBinaryType@621392ea
2021-11-11 18:42:13,170 DEBUG o.h.t.BasicTypeRegistry [main] Adding type registration uuid-char -> org.hibernate.type.UUIDCharType@56f72909
2021-11-11 18:42:13,170 DEBUG o.h.t.BasicTypeRegistry [main] Adding type registration binary -> org.hibernate.type.BinaryType@6e67a8c0
2021-11-11 18:42:13,170 DEBUG o.h.t.BasicTypeRegistry [main] Adding type registration byte[] -> org.hibernate.type.BinaryType@6e67a8c0
2021-11-11 18:42:13,170 DEBUG o.h.t.BasicTypeRegistry [main] Adding type registration [B -> org.hibernate.type.BinaryType@6e67a8c0
2021-11-11 18:42:13,170 DEBUG o.h.t.BasicTypeRegistry [main] Adding type registration wrapper-binary -> org.hibernate.type.WrapperBinaryType@1c815814
2021-11-11 18:42:13,170 DEBUG o.h.t.BasicTypeRegistry [main] Adding type registration Byte[] -> org.hibernate.type.WrapperBinaryType@1c815814
2021-11-11 18:42:13,170 DEBUG o.h.t.BasicTypeRegistry [main] Adding type registration [Ljava.lang.Byte; -> org.hibernate.type.WrapperBinaryType@1c815814
2021-11-11 18:42:13,170 DEBUG o.h.t.BasicTypeRegistry [main] Adding type registration row_version -> org.hibernate.type.RowVersionType@6f655dbd
2021-11-11 18:42:13,170 DEBUG o.h.t.BasicTypeRegistry [main] Adding type registration image -> org.hibernate.type.ImageType@7fb82f73
2021-11-11 18:42:13,170 DEBUG o.h.t.BasicTypeRegistry [main] Adding type registration characters -> org.hibernate.type.CharArrayType@93f15f6
2021-11-11 18:42:13,170 DEBUG o.h.t.BasicTypeRegistry [main] Adding type registration char[] -> org.hibernate.type.CharArrayType@93f15f6
2021-11-11 18:42:13,170 DEBUG o.h.t.BasicTypeRegistry [main] Adding type registration [C -> org.hibernate.type.CharArrayType@93f15f6
2021-11-11 18:42:13,170 DEBUG o.h.t.BasicTypeRegistry [main] Adding type registration wrapper-characters -> org.hibernate.type.CharacterArrayType@6ffbf0ac
2021-11-11 18:42:13,170 DEBUG o.h.t.BasicTypeRegistry [main] Adding type registration [Ljava.lang.Character; -> org.hibernate.type.CharacterArrayType@6ffbf0ac
2021-11-11 18:42:13,170 DEBUG o.h.t.BasicTypeRegistry [main] Adding type registration Character[] -> org.hibernate.type.CharacterArrayType@6ffbf0ac
2021-11-11 18:42:13,170 DEBUG o.h.t.BasicTypeRegistry [main] Adding type registration text -> org.hibernate.type.TextType@2b400bd0
2021-11-11 18:42:13,170 DEBUG o.h.t.BasicTypeRegistry [main] Adding type registration ntext -> org.hibernate.type.NTextType@3e2772a9
2021-11-11 18:42:13,185 DEBUG o.h.t.BasicTypeRegistry [main] Adding type registration blob -> org.hibernate.type.BlobType@5b88af70
2021-11-11 18:42:13,185 DEBUG o.h.t.BasicTypeRegistry [main] Adding type registration java.sql.Blob -> org.hibernate.type.BlobType@5b88af70
2021-11-11 18:42:13,185 DEBUG o.h.t.BasicTypeRegistry [main] Adding type registration materialized_blob -> org.hibernate.type.MaterializedBlobType@2375a976
2021-11-11 18:42:13,185 DEBUG o.h.t.BasicTypeRegistry [main] Adding type registration clob -> org.hibernate.type.ClobType@5178345d
2021-11-11 18:42:13,185 DEBUG o.h.t.BasicTypeRegistry [main] Adding type registration java.sql.Clob -> org.hibernate.type.ClobType@5178345d
2021-11-11 18:42:13,185 DEBUG o.h.t.BasicTypeRegistry [main] Adding type registration nclob -> org.hibernate.type.NClobType@34bf66af
2021-11-11 18:42:13,185 DEBUG o.h.t.BasicTypeRegistry [main] Adding type registration java.sql.NClob -> org.hibernate.type.NClobType@34bf66af
2021-11-11 18:42:13,185 DEBUG o.h.t.BasicTypeRegistry [main] Adding type registration materialized_clob -> org.hibernate.type.MaterializedClobType@14b26e90
2021-11-11 18:42:13,185 DEBUG o.h.t.BasicTypeRegistry [main] Adding type registration materialized_nclob -> org.hibernate.type.MaterializedNClobType@2c154508
2021-11-11 18:42:13,185 DEBUG o.h.t.BasicTypeRegistry [main] Adding type registration serializable -> org.hibernate.type.SerializableType@23708f14
2021-11-11 18:42:13,185 DEBUG o.h.t.BasicTypeRegistry [main] Adding type registration object -> org.hibernate.type.ObjectType@27fc0217
2021-11-11 18:42:13,185 DEBUG o.h.t.BasicTypeRegistry [main] Adding type registration java.lang.Object -> org.hibernate.type.ObjectType@27fc0217
2021-11-11 18:42:13,185 DEBUG o.h.t.BasicTypeRegistry [main] Adding type registration imm_date -> org.hibernate.type.AdaptedImmutableType@c1a74d
2021-11-11 18:42:13,185 DEBUG o.h.t.BasicTypeRegistry [main] Adding type registration imm_time -> org.hibernate.type.AdaptedImmutableType@472719df
2021-11-11 18:42:13,185 DEBUG o.h.t.BasicTypeRegistry [main] Adding type registration imm_timestamp -> org.hibernate.type.AdaptedImmutableType@5cfa2ac5
2021-11-11 18:42:13,185 DEBUG o.h.t.BasicTypeRegistry [main] Adding type registration imm_dbtimestamp -> org.hibernate.type.AdaptedImmutableType@4cc89246
2021-11-11 18:42:13,201 DEBUG o.h.t.BasicTypeRegistry [main] Adding type registration imm_calendar -> org.hibernate.type.AdaptedImmutableType@413eaf5d
2021-11-11 18:42:13,201 DEBUG o.h.t.BasicTypeRegistry [main] Adding type registration imm_calendar_date -> org.hibernate.type.AdaptedImmutableType@3e28af44
2021-11-11 18:42:13,201 DEBUG o.h.t.BasicTypeRegistry [main] Adding type registration imm_binary -> org.hibernate.type.AdaptedImmutableType@33891646
2021-11-11 18:42:13,201 DEBUG o.h.t.BasicTypeRegistry [main] Adding type registration imm_serializable -> org.hibernate.type.AdaptedImmutableType@3bdbf8d3
2021-11-11 18:42:13,254 INFO c.z.h.HikariDataSource [main] HikariPool-1 - Starting...
2021-11-11 18:42:13,771 INFO c.z.h.HikariDataSource [main] HikariPool-1 - Start completed.
2021-11-11 18:42:13,787 INFO o.h.d.Dialect [main] HHH000400: Using dialect: org.hibernate.dialect.MySQL57Dialect
2021-11-11 18:42:13,884 DEBUG o.h.t.s.TypeConfiguration [main] Scoping TypeConfiguration [org.hibernate.type.spi.TypeConfiguration@6d92e327] to MetadataBuildingContext [org.hibernate.boot.internal.MetadataBuildingContextRootImpl@76134251]
2021-11-11 18:42:14,510 DEBUG o.h.t.s.TypeConfiguration [main] Scoping TypeConfiguration [org.hibernate.type.spi.TypeConfiguration@6d92e327] to SessionFactoryImpl [org.hibernate.internal.SessionFactoryImpl@5f26cb8b]
2021-11-11 18:42:15,141 INFO o.h.e.t.j.p.i.JtaPlatformInitiator [main] HHH000490: Using JtaPlatform implementation: [org.hibernate.engine.transaction.jta.platform.internal.NoJtaPlatform]
2021-11-11 18:42:15,157 TRACE o.h.t.s.TypeConfiguration [main] Handling #sessionFactoryCreated from [org.hibernate.internal.SessionFactoryImpl@5f26cb8b] for TypeConfiguration
2021-11-11 18:42:15,157 INFO o.s.o.j.AbstractEntityManagerFactoryBean [main] Initialized JPA EntityManagerFactory for persistence unit 'default'
2021-11-11 18:42:15,723 WARN o.s.b.a.o.j.JpaBaseConfiguration$JpaWebConfiguration [main] spring.jpa.open-in-view is enabled by default. Therefore, database queries may be performed during view rendering. Explicitly configure spring.jpa.open-in-view to disable this warning
2021-11-11 18:42:15,848 INFO o.s.c.o.FeignClientFactoryBean [main] For 'e-police-system' URL not provided. Will try picking an instance via load-balancing.
2021-11-11 18:42:16,931 INFO s.d.s.w.PropertySourcedRequestMappingHandlerMapping [main] Mapped URL path [/v2/api-docs] onto method [springfox.documentation.swagger2.web.Swagger2Controller#getDocumentation(String, HttpServletRequest)]
2021-11-11 18:42:17,718 INFO o.s.c.n.e.c.DiscoveryClientOptionalArgsConfiguration [main] Eureka HTTP Client uses RestTemplate.
2021-11-11 18:42:18,140 WARN o.s.c.l.c.LoadBalancerCacheAutoConfiguration$LoadBalancerCaffeineWarnLogger [main] Spring Cloud LoadBalancer is currently working with the default cache. You can switch to using Caffeine cache, by adding it and org.springframework.cache.caffeine.CaffeineCacheManager to the classpath.
2021-11-11 18:42:18,249 INFO o.s.c.n.e.InstanceInfoFactory [main] Setting initial instance status as: STARTING
2021-11-11 18:42:18,299 INFO c.n.d.DiscoveryClient [main] Initializing Eureka in region us-east-1
2021-11-11 18:42:18,305 INFO c.n.d.s.r.a.ConfigClusterResolver [main] Resolving eureka endpoints via configuration
2021-11-11 18:42:18,322 INFO c.n.d.DiscoveryClient [main] Disable delta property : false
2021-11-11 18:42:18,322 INFO c.n.d.DiscoveryClient [main] Single vip registry refresh property : null
2021-11-11 18:42:18,322 INFO c.n.d.DiscoveryClient [main] Force full registry fetch : false
2021-11-11 18:42:18,322 INFO c.n.d.DiscoveryClient [main] Application is null : false
2021-11-11 18:42:18,322 INFO c.n.d.DiscoveryClient [main] Registered Applications size is zero : true
2021-11-11 18:42:18,322 INFO c.n.d.DiscoveryClient [main] Application version is -1: true
2021-11-11 18:42:18,322 INFO c.n.d.DiscoveryClient [main] Getting all instance registry info from the eureka server
2021-11-11 18:42:18,722 INFO c.n.d.DiscoveryClient [main] The response status is 200
2021-11-11 18:42:18,722 INFO c.n.d.DiscoveryClient [main] Starting heartbeat executor: renew interval is: 10
2021-11-11 18:42:18,738 INFO c.n.d.InstanceInfoReplicator [main] InstanceInfoReplicator onDemand update allowed rate per min is 4
2021-11-11 18:42:18,738 INFO c.n.d.DiscoveryClient [main] Discovery Client initialized at timestamp 1636638138738 with initial instances count: 0
2021-11-11 18:42:18,738 INFO o.s.c.n.e.s.EurekaServiceRegistry [main] Registering application E-BANK with eureka with status UP
2021-11-11 18:42:18,738 INFO c.n.d.DiscoveryClient$3 [main] Saw local status change event StatusChangeEvent [timestamp=1636638138738, current=UP, previous=STARTING]
2021-11-11 18:42:18,753 INFO c.n.d.DiscoveryClient [DiscoveryClient-InstanceInfoReplicator-0] DiscoveryClient_E-BANK/LTI-TRAINING-02.d-p-s.com:e-bank:8080: registering service...
2021-11-11 18:42:18,753 INFO o.a.j.l.DirectJDKLog [main] Starting ProtocolHandler ["http-nio-8080"]
2021-11-11 18:42:18,785 INFO o.s.b.w.e.t.TomcatWebServer [main] Tomcat started on port(s): 8080 (http) with context path ''
2021-11-11 18:42:18,785 INFO o.s.c.n.e.s.EurekaAutoServiceRegistration [main] Updating port to 8080
2021-11-11 18:42:18,829 INFO c.n.d.DiscoveryClient [DiscoveryClient-InstanceInfoReplicator-0] DiscoveryClient_E-BANK/LTI-TRAINING-02.d-p-s.com:e-bank:8080 - registration status: 204
2021-11-11 18:42:19,146 INFO s.d.s.w.p.DocumentationPluginsBootstrapper [main] Context refreshed
2021-11-11 18:42:19,162 INFO s.d.s.w.p.DocumentationPluginsBootstrapper [main] Found 1 custom documentation plugin(s)
2021-11-11 18:42:19,209 INFO s.d.s.w.s.ApiListingReferenceScanner [main] Scanning for api listing references
2021-11-11 18:42:19,680 INFO o.s.b.StartupInfoLogger [main] Started EbankApplication in 11.268 seconds (JVM running for 15.219)
2021-11-11 18:42:48,752 INFO c.n.d.DiscoveryClient [DiscoveryClient-CacheRefreshExecutor-0] Disable delta property : false
2021-11-11 18:42:48,752 INFO c.n.d.DiscoveryClient [DiscoveryClient-CacheRefreshExecutor-0] Single vip registry refresh property : null
2021-11-11 18:42:48,752 INFO c.n.d.DiscoveryClient [DiscoveryClient-CacheRefreshExecutor-0] Force full registry fetch : false
2021-11-11 18:42:48,752 INFO c.n.d.DiscoveryClient [DiscoveryClient-CacheRefreshExecutor-0] Application is null : false
2021-11-11 18:42:48,752 INFO c.n.d.DiscoveryClient [DiscoveryClient-CacheRefreshExecutor-0] Registered Applications size is zero : true
2021-11-11 18:42:48,752 INFO c.n.d.DiscoveryClient [DiscoveryClient-CacheRefreshExecutor-0] Application version is -1: false
2021-11-11 18:42:48,752 INFO c.n.d.DiscoveryClient [DiscoveryClient-CacheRefreshExecutor-0] Getting all instance registry info from the eureka server
2021-11-11 18:42:48,783 INFO c.n.d.DiscoveryClient [DiscoveryClient-CacheRefreshExecutor-0] The response status is 200
2021-11-11 18:43:38,141 INFO o.a.j.l.DirectJDKLog [http-nio-8080-exec-2] Initializing Spring DispatcherServlet 'dispatcherServlet'
2021-11-11 18:43:38,142 INFO o.s.w.s.FrameworkServlet [http-nio-8080-exec-2] Initializing Servlet 'dispatcherServlet'
2021-11-11 18:43:38,146 INFO o.s.w.s.FrameworkServlet [http-nio-8080-exec-2] Completed initialization in 4 ms
2021-11-11 18:43:38,359 DEBUG o.h.e.j.s.SqlStatementLogger [http-nio-8080-exec-2] 
    select
        next_val as id_val 
    from
        hibernate_sequence for update
            
2021-11-11 18:43:38,390 DEBUG o.h.e.j.s.SqlStatementLogger [http-nio-8080-exec-2] 
    update
        hibernate_sequence 
    set
        next_val= ? 
    where
        next_val=?
2021-11-11 18:43:38,608 DEBUG o.h.e.j.s.SqlStatementLogger [http-nio-8080-exec-2] 
    insert 
    into
        users
        (age, cnic, created_date, dob, email, full_name, is_active, organization_id, password, phone_number, token, updated_date, user_name, id) 
    values
        (?, ?, ?, ?, ?, ?, ?, ?, ?, ?, ?, ?, ?, ?)
2021-11-11 18:43:38,613 TRACE o.h.t.d.s.BasicBinder [http-nio-8080-exec-2] binding parameter [1] as [INTEGER] - [9]
2021-11-11 18:43:38,616 TRACE o.h.t.d.s.BasicBinder [http-nio-8080-exec-2] binding parameter [2] as [VARCHAR] - [370]
2021-11-11 18:43:38,617 TRACE o.h.t.d.s.BasicBinder [http-nio-8080-exec-2] binding parameter [3] as [TIMESTAMP] - [Thu Nov 11 18:43:38 PKT 2021]
2021-11-11 18:43:38,621 TRACE o.h.t.d.s.BasicBinder [http-nio-8080-exec-2] binding parameter [4] as [VARCHAR] - [01-01-1998]
2021-11-11 18:43:38,621 TRACE o.h.t.d.s.BasicBinder [http-nio-8080-exec-2] binding parameter [5] as [VARCHAR] - [studentabdurr322@outlook.com]
2021-11-11 18:43:38,622 TRACE o.h.t.d.s.BasicBinder [http-nio-8080-exec-2] binding parameter [6] as [VARCHAR] - [fawad]
2021-11-11 18:43:38,622 TRACE o.h.t.d.s.BasicBinder [http-nio-8080-exec-2] binding parameter [7] as [BOOLEAN] - [false]
2021-11-11 18:43:38,623 TRACE o.h.t.d.s.BasicBinder [http-nio-8080-exec-2] binding parameter [8] as [BIGINT] - [null]
2021-11-11 18:43:38,623 TRACE o.h.t.d.s.BasicBinder [http-nio-8080-exec-2] binding parameter [9] as [VARCHAR] - [asd]
2021-11-11 18:43:38,623 TRACE o.h.t.d.s.BasicBinder [http-nio-8080-exec-2] binding parameter [10] as [VARCHAR] - [+923125954]
2021-11-11 18:43:38,624 TRACE o.h.t.d.s.BasicBinder [http-nio-8080-exec-2] binding parameter [11] as [INTEGER] - [56298]
2021-11-11 18:43:38,624 TRACE o.h.t.d.s.BasicBinder [http-nio-8080-exec-2] binding parameter [12] as [TIMESTAMP] - [null]
2021-11-11 18:43:38,624 TRACE o.h.t.d.s.BasicBinder [http-nio-8080-exec-2] binding parameter [13] as [VARCHAR] - [fghj]
2021-11-11 18:43:38,625 TRACE o.h.t.d.s.BasicBinder [http-nio-8080-exec-2] binding parameter [14] as [BIGINT] - [19]
2021-11-11 18:43:38,643 WARN o.h.e.j.s.SqlExceptionHelper [http-nio-8080-exec-2] SQL Error: 1048, SQLState: 23000
2021-11-11 18:43:38,644 ERROR o.h.e.j.s.SqlExceptionHelper [http-nio-8080-exec-2] Column 'organization_id' cannot be null
2021-11-11 18:43:38,662 INFO m.e.s.UserService [http-nio-8080-exec-2] error is Column 'organization_id' cannot be null
2021-11-11 18:47:18,358 INFO c.n.d.s.r.a.ConfigClusterResolver [AsyncResolver-bootstrap-executor-0] Resolving eureka endpoints via configuration
2021-11-11 18:52:18,371 INFO c.n.d.s.r.a.ConfigClusterResolver [AsyncResolver-bootstrap-executor-0] Resolving eureka endpoints via configuration
